2024-09-19 15:18:28,589 - INFO - Extração iniciada
2024-09-19 15:18:28,599 - INFO - Tratamento iniciado
2024-09-19 15:18:28,609 - INFO - Extração iniciada
2024-09-19 15:18:28,609 - INFO - Iniciando processamento de Best Sellers
2024-09-19 15:18:30,427 - INFO - Links de subcategorias encontrados para a URL: https://www.amazon.nl/gp/bestsellers/
2024-09-19 15:18:30,427 - INFO - Processando subcategoria: Amazon Renewed - best_sellers
2024-09-19 15:18:31,529 - INFO - Encontrados 30 itens na categoria Amazon Renewed.
2024-09-19 15:18:45,138 - INFO - Processando subcategoria: Amazon-apparaten & accessoires - best_sellers
2024-09-19 15:18:46,066 - INFO - Encontrados 30 itens na categoria Amazon-apparaten & accessoires.
2024-09-19 15:19:01,776 - INFO - Processando subcategoria: Auto & motor - best_sellers
2024-09-19 15:19:03,016 - INFO - Encontrados 30 itens na categoria Auto & motor.
2024-09-19 15:19:14,374 - INFO - Processando subcategoria: Babyproducten - best_sellers
2024-09-19 15:19:15,473 - INFO - Encontrados 30 itens na categoria Babyproducten.
2024-09-19 15:19:31,970 - INFO - Processando subcategoria: Beauty - best_sellers
2024-09-19 15:19:33,929 - INFO - Encontrados 30 itens na categoria Beauty.
2024-09-19 15:19:44,293 - INFO - Processando subcategoria: Boeken - best_sellers
2024-09-19 15:19:45,486 - INFO - Encontrados 30 itens na categoria Boeken.
2024-09-19 15:20:00,399 - INFO - Processando subcategoria: Cadeaubonnen - best_sellers
2024-09-19 15:20:01,248 - WARNING - Nenhum item encontrado na categoria Cadeaubonnen na tentativa 1/2.
2024-09-19 15:20:02,525 - WARNING - Nenhum item encontrado na categoria Cadeaubonnen na tentativa 2/2.
2024-09-19 15:20:04,531 - ERROR - Falha ao obter produtos da categoria Cadeaubonnen após 2 tentativas.
2024-09-19 15:20:04,531 - WARNING - Nenhum produto encontrado na subcategoria: Cadeaubonnen - best_sellers
2024-09-19 15:20:18,616 - INFO - Processando subcategoria: Elektronica - best_sellers
2024-09-19 15:20:20,530 - INFO - Encontrados 30 itens na categoria Elektronica.
2024-09-19 15:20:35,832 - INFO - Processando subcategoria: Films & tv - best_sellers
2024-09-19 15:20:37,536 - INFO - Encontrados 30 itens na categoria Films & tv.
2024-09-19 15:20:53,280 - INFO - Processando subcategoria: Games - best_sellers
2024-09-19 15:20:55,047 - INFO - Encontrados 30 itens na categoria Games.
2024-09-19 15:21:05,544 - INFO - Processando subcategoria: Gezondheid & persoonlijke verzorging - best_sellers
2024-09-19 15:21:07,385 - INFO - Encontrados 30 itens na categoria Gezondheid & persoonlijke verzorging.
2024-09-19 15:21:26,696 - INFO - Processando subcategoria: Huisdierbenodigdheden - best_sellers
2024-09-19 15:21:29,423 - INFO - Encontrados 30 itens na categoria Huisdierbenodigdheden.
2024-09-19 15:21:46,433 - INFO - Processando subcategoria: Kantoorproducten - best_sellers
2024-09-19 15:21:48,197 - INFO - Encontrados 30 itens na categoria Kantoorproducten.
2024-09-19 15:22:04,083 - INFO - Processando subcategoria: Kindle Store - best_sellers
2024-09-19 15:22:05,746 - INFO - Encontrados 30 itens na categoria Kindle Store.
2024-09-19 15:22:16,066 - INFO - Processando subcategoria: Kleding, schoenen & sieraden - best_sellers
2024-09-19 15:22:17,777 - INFO - Encontrados 30 itens na categoria Kleding, schoenen & sieraden.
2024-09-19 15:22:29,119 - INFO - Processando subcategoria: Klussen & gereedschap - best_sellers
2024-09-19 15:22:31,037 - INFO - Encontrados 30 itens na categoria Klussen & gereedschap.
2024-09-19 15:22:42,496 - INFO - Processando subcategoria: Knutselen - best_sellers
2024-09-19 15:22:44,375 - INFO - Encontrados 30 itens na categoria Knutselen.
2024-09-19 15:23:04,178 - INFO - Processando subcategoria: Levensmiddelen - best_sellers
2024-09-19 15:23:06,080 - INFO - Encontrados 30 itens na categoria Levensmiddelen.
2024-09-19 15:23:17,081 - INFO - Processando subcategoria: Muziek - best_sellers
2024-09-19 15:23:18,781 - INFO - Encontrados 30 itens na categoria Muziek.
2024-09-19 15:23:33,067 - INFO - Processando subcategoria: Muziekinstrumenten - best_sellers
2024-09-19 15:23:34,691 - INFO - Encontrados 30 itens na categoria Muziekinstrumenten.
2024-09-19 15:23:53,966 - INFO - Processando subcategoria: Software - best_sellers
2024-09-19 15:23:55,606 - INFO - Encontrados 30 itens na categoria Software.
2024-09-19 15:24:10,686 - INFO - Processando subcategoria: Speelgoed & spellen - best_sellers
2024-09-19 15:24:11,697 - INFO - Encontrados 30 itens na categoria Speelgoed & spellen.
2024-09-19 15:24:25,436 - INFO - Processando subcategoria: Sport & outdoor - best_sellers
2024-09-19 15:24:26,401 - INFO - Encontrados 30 itens na categoria Sport & outdoor.
2024-09-19 15:24:42,853 - INFO - Processando subcategoria: Tuin, terras & gazon - best_sellers
2024-09-19 15:24:44,538 - INFO - Encontrados 30 itens na categoria Tuin, terras & gazon.
2024-09-19 15:25:00,815 - INFO - Processando subcategoria: Wonen & keuken - best_sellers
2024-09-19 15:25:02,641 - INFO - Encontrados 30 itens na categoria Wonen & keuken.
2024-09-19 15:25:18,513 - INFO - Processando subcategoria: Zakelijk, industrie & wetenschap - best_sellers
2024-09-19 15:25:20,304 - INFO - Encontrados 30 itens na categoria Zakelijk, industrie & wetenschap.
2024-09-19 15:25:32,172 - INFO - Produtos de Best Sellers: 750
2024-09-19 15:25:45,018 - INFO - Iniciando processamento de Movers and Shakers
2024-09-19 15:25:46,029 - INFO - Links de subcategorias encontrados para a URL: https://www.amazon.nl/gp/movers-and-shakers/
2024-09-19 15:25:46,029 - INFO - Processando subcategoria: Amazon Renewed - movers_and_shakers
2024-09-19 15:25:47,725 - INFO - Encontrados 30 itens na categoria Amazon Renewed.
2024-09-19 15:26:04,229 - INFO - Processando subcategoria: Amazon-apparaten & accessoires - movers_and_shakers
2024-09-19 15:26:05,909 - INFO - Encontrados 23 itens na categoria Amazon-apparaten & accessoires.
2024-09-19 15:26:18,185 - INFO - Processando subcategoria: Auto & motor - movers_and_shakers
2024-09-19 15:26:19,366 - INFO - Encontrados 30 itens na categoria Auto & motor.
2024-09-19 15:26:30,438 - INFO - Processando subcategoria: Babyproducten - movers_and_shakers
2024-09-19 15:26:32,731 - INFO - Encontrados 30 itens na categoria Babyproducten.
2024-09-19 15:26:49,488 - INFO - Processando subcategoria: Beauty - movers_and_shakers
2024-09-19 15:26:50,443 - INFO - Encontrados 30 itens na categoria Beauty.
2024-09-19 15:27:02,263 - INFO - Processando subcategoria: Boeken - movers_and_shakers
2024-09-19 15:27:03,256 - INFO - Encontrados 30 itens na categoria Boeken.
2024-09-19 15:27:20,058 - INFO - Processando subcategoria: Cadeaubonnen - movers_and_shakers
2024-09-19 15:27:21,832 - INFO - Encontrados 30 itens na categoria Cadeaubonnen.
2024-09-19 15:27:36,494 - INFO - Processando subcategoria: Elektronica - movers_and_shakers
2024-09-19 15:27:38,223 - INFO - Encontrados 30 itens na categoria Elektronica.
2024-09-19 15:27:52,177 - INFO - Processando subcategoria: Films & tv - movers_and_shakers
2024-09-19 15:27:53,267 - INFO - Encontrados 30 itens na categoria Films & tv.
2024-09-19 15:28:05,211 - INFO - Processando subcategoria: Games - movers_and_shakers
2024-09-19 15:28:06,228 - INFO - Encontrados 30 itens na categoria Games.
2024-09-19 15:28:18,921 - INFO - Processando subcategoria: Gezondheid & persoonlijke verzorging - movers_and_shakers
2024-09-19 15:28:20,745 - INFO - Encontrados 30 itens na categoria Gezondheid & persoonlijke verzorging.
2024-09-19 15:28:37,277 - INFO - Processando subcategoria: Huisdierbenodigdheden - movers_and_shakers
2024-09-19 15:28:39,022 - INFO - Encontrados 30 itens na categoria Huisdierbenodigdheden.
2024-09-19 15:28:51,561 - INFO - Processando subcategoria: Kantoorproducten - movers_and_shakers
2024-09-19 15:28:59,519 - INFO - Encontrados 30 itens na categoria Kantoorproducten.
2024-09-19 15:29:11,496 - INFO - Processando subcategoria: Kindle Store - movers_and_shakers
2024-09-19 15:29:13,144 - INFO - Encontrados 30 itens na categoria Kindle Store.
2024-09-19 15:29:24,754 - INFO - Processando subcategoria: Kleding, schoenen & sieraden - movers_and_shakers
2024-09-19 15:29:26,986 - INFO - Encontrados 30 itens na categoria Kleding, schoenen & sieraden.
2024-09-19 15:29:45,088 - INFO - Processando subcategoria: Klussen & gereedschap - movers_and_shakers
2024-09-19 15:29:46,386 - INFO - Encontrados 30 itens na categoria Klussen & gereedschap.
2024-09-19 15:30:03,472 - INFO - Processando subcategoria: Knutselen - movers_and_shakers
2024-09-19 15:30:04,796 - INFO - Encontrados 30 itens na categoria Knutselen.
2024-09-19 15:30:20,565 - INFO - Processando subcategoria: Levensmiddelen - movers_and_shakers
2024-09-19 15:30:21,770 - INFO - Encontrados 30 itens na categoria Levensmiddelen.
2024-09-19 15:30:32,488 - INFO - Processando subcategoria: Muziek - movers_and_shakers
2024-09-19 15:30:34,613 - INFO - Encontrados 30 itens na categoria Muziek.
2024-09-19 15:30:52,969 - INFO - Processando subcategoria: Muziekinstrumenten - movers_and_shakers
2024-09-19 15:30:54,253 - INFO - Encontrados 30 itens na categoria Muziekinstrumenten.
2024-09-19 15:31:11,687 - INFO - Processando subcategoria: Software - movers_and_shakers
2024-09-19 15:31:12,923 - INFO - Encontrados 29 itens na categoria Software.
2024-09-19 15:31:27,655 - INFO - Processando subcategoria: Speelgoed & spellen - movers_and_shakers
2024-09-19 15:31:28,904 - INFO - Encontrados 30 itens na categoria Speelgoed & spellen.
2024-09-19 15:31:38,958 - INFO - Processando subcategoria: Sport & outdoor - movers_and_shakers
2024-09-19 15:31:41,538 - INFO - Encontrados 30 itens na categoria Sport & outdoor.
2024-09-19 15:31:59,719 - INFO - Processando subcategoria: Tuin, terras & gazon - movers_and_shakers
2024-09-19 15:32:01,182 - INFO - Encontrados 30 itens na categoria Tuin, terras & gazon.
2024-09-19 15:32:18,019 - INFO - Processando subcategoria: Wonen & keuken - movers_and_shakers
2024-09-19 15:32:19,241 - INFO - Encontrados 30 itens na categoria Wonen & keuken.
2024-09-19 15:32:29,505 - INFO - Produtos de Movers and Shakers: 742
2024-09-19 15:32:47,334 - INFO - Iniciando processamento de New Releases
2024-09-19 15:32:48,454 - INFO - Links de subcategorias encontrados para a URL: https://www.amazon.nl/gp/new-releases/
2024-09-19 15:32:48,454 - INFO - Processando subcategoria: Amazon Renewed - new_releases
2024-09-19 15:32:49,448 - INFO - Encontrados 17 itens na categoria Amazon Renewed.
2024-09-19 15:33:01,109 - INFO - Processando subcategoria: Amazon-apparaten & accessoires - new_releases
2024-09-19 15:33:02,017 - INFO - Encontrados 15 itens na categoria Amazon-apparaten & accessoires.
2024-09-19 15:33:20,595 - INFO - Processando subcategoria: Auto & motor - new_releases
2024-09-19 15:33:20,843 - WARNING - Nenhum item encontrado na categoria Auto & motor na tentativa 1/2.
2024-09-19 15:33:23,081 - INFO - Encontrados 30 itens na categoria Auto & motor.
2024-09-19 15:33:39,343 - INFO - Processando subcategoria: Babyproducten - new_releases
2024-09-19 15:33:40,560 - INFO - Encontrados 30 itens na categoria Babyproducten.
2024-09-19 15:33:55,537 - INFO - Processando subcategoria: Beauty - new_releases
2024-09-19 15:33:56,625 - INFO - Encontrados 30 itens na categoria Beauty.
2024-09-19 15:34:07,891 - INFO - Processando subcategoria: Boeken - new_releases
2024-09-19 15:34:08,975 - INFO - Encontrados 30 itens na categoria Boeken.
2024-09-19 15:34:21,826 - INFO - Processando subcategoria: Elektronica - new_releases
2024-09-19 15:34:23,030 - INFO - Encontrados 30 itens na categoria Elektronica.
2024-09-19 15:34:33,929 - INFO - Processando subcategoria: Films & tv - new_releases
2024-09-19 15:34:34,978 - INFO - Encontrados 30 itens na categoria Films & tv.
2024-09-19 15:34:52,753 - INFO - Processando subcategoria: Games - new_releases
2024-09-19 15:34:53,788 - INFO - Encontrados 30 itens na categoria Games.
2024-09-19 15:35:04,301 - INFO - Processando subcategoria: Gezondheid & persoonlijke verzorging - new_releases
2024-09-19 15:35:05,357 - INFO - Encontrados 30 itens na categoria Gezondheid & persoonlijke verzorging.
2024-09-19 15:35:23,079 - INFO - Processando subcategoria: Huisdierbenodigdheden - new_releases
2024-09-19 15:35:24,132 - INFO - Encontrados 30 itens na categoria Huisdierbenodigdheden.
2024-09-19 15:35:44,093 - INFO - Processando subcategoria: Kantoorproducten - new_releases
2024-09-19 15:35:45,131 - INFO - Encontrados 30 itens na categoria Kantoorproducten.
2024-09-19 15:35:56,337 - INFO - Processando subcategoria: Kindle Store - new_releases
2024-09-19 15:35:57,394 - INFO - Encontrados 30 itens na categoria Kindle Store.
2024-09-19 15:36:16,958 - INFO - Processando subcategoria: Kleding, schoenen & sieraden - new_releases
2024-09-19 15:36:18,381 - INFO - Encontrados 30 itens na categoria Kleding, schoenen & sieraden.
2024-09-19 15:36:33,609 - INFO - Processando subcategoria: Klussen & gereedschap - new_releases
2024-09-19 15:36:34,777 - INFO - Encontrados 30 itens na categoria Klussen & gereedschap.
2024-09-19 15:36:50,295 - INFO - Processando subcategoria: Knutselen - new_releases
2024-09-19 15:36:51,711 - INFO - Encontrados 30 itens na categoria Knutselen.
2024-09-19 15:37:05,310 - INFO - Processando subcategoria: Muziek - new_releases
2024-09-19 15:37:06,389 - INFO - Encontrados 30 itens na categoria Muziek.
2024-09-19 15:37:24,318 - INFO - Processando subcategoria: Muziekinstrumenten - new_releases
2024-09-19 15:37:25,317 - INFO - Encontrados 30 itens na categoria Muziekinstrumenten.
2024-09-19 15:37:40,814 - INFO - Processando subcategoria: Speelgoed & spellen - new_releases
2024-09-19 15:37:42,016 - INFO - Encontrados 30 itens na categoria Speelgoed & spellen.
2024-09-19 15:37:52,612 - INFO - Processando subcategoria: Sport & outdoor - new_releases
2024-09-19 15:37:53,856 - INFO - Encontrados 30 itens na categoria Sport & outdoor.
2024-09-19 15:38:09,333 - INFO - Processando subcategoria: Tuin, terras & gazon - new_releases
2024-09-19 15:38:10,524 - INFO - Encontrados 30 itens na categoria Tuin, terras & gazon.
2024-09-19 15:38:29,461 - INFO - Processando subcategoria: Wonen & keuken - new_releases
2024-09-19 15:38:30,485 - INFO - Encontrados 30 itens na categoria Wonen & keuken.
2024-09-19 15:38:47,391 - INFO - Produtos de New Releases: 632
2024-09-19 15:38:47,985 - INFO - Dados consolidados salvos em C:/Users/ThiagoBizacha/Desktop/Projeto_Automacao_Coleta_Dados/data/output/bot_amazon/extract_amazon_full_2024-09-19.xlsx
2024-09-19 15:38:47,985 - INFO - Processo finalizado!
2024-09-19 15:38:47,985 - INFO - Produtos Totais encontrados: 750+742+632/ Total: 2600
2024-09-19 15:38:47,985 - INFO - Iniciando transformação
2024-09-19 15:38:48,001 - INFO - Dados limpos e valores inválidos removidos.
2024-09-19 15:38:48,001 - INFO - Campos calculados adicionados com sucesso.
2024-09-19 15:38:48,001 - INFO - Transformação finalizada.
2024-09-19 15:38:48,707 - INFO - Dados carregados e salvos em C:/Users/ThiagoBizacha/Desktop/Projeto_Automacao_Coleta_Dados/data/output/bot_amazon/base_amazon_final_2024-09-19.xlsx.
2024-09-19 15:38:49,207 - INFO - Conexão com o banco de dados realizada com sucesso!
2024-09-19 15:38:49,585 - INFO - Dados carregados com sucesso no PostgreSQL - amazon_nl_final.
2024-09-19 15:46:37,398 - INFO - Extração iniciada
2024-09-19 15:46:37,398 - INFO - Tratamento iniciado
2024-09-19 15:46:37,398 - INFO - Extração iniciada
2024-09-19 15:46:37,398 - INFO - Iniciando processamento de Best Sellers
2024-09-19 15:46:41,681 - INFO - Links de subcategorias encontrados para a URL: https://www.amazon.nl/gp/bestsellers/
2024-09-19 15:46:41,705 - INFO - Processando subcategoria: Amazon Renewed - best_sellers
2024-09-19 15:46:42,897 - INFO - Encontrados 30 itens na categoria Amazon Renewed.
2024-09-19 15:46:56,769 - INFO - Processando subcategoria: Amazon-apparaten & accessoires - best_sellers
2024-09-19 15:46:57,883 - INFO - Encontrados 30 itens na categoria Amazon-apparaten & accessoires.
2024-09-19 15:47:13,468 - INFO - Processando subcategoria: Auto & motor - best_sellers
2024-09-19 15:47:14,523 - INFO - Encontrados 30 itens na categoria Auto & motor.
2024-09-19 15:47:32,901 - INFO - Processando subcategoria: Babyproducten - best_sellers
2024-09-19 15:49:12,014 - INFO - Extração iniciada
2024-09-19 15:49:12,014 - INFO - Tratamento iniciado
2024-09-19 15:49:12,021 - INFO - Extração iniciada
2024-09-19 15:49:12,022 - INFO - Iniciando processamento de Best Sellers
2024-09-19 15:49:14,422 - INFO - Links de subcategorias encontrados para a URL: https://www.amazon.nl/gp/bestsellers/
2024-09-19 15:49:14,429 - INFO - Processando subcategoria: Amazon Renewed - best_sellers
2024-09-19 15:49:15,511 - INFO - Encontrados 30 itens na categoria Amazon Renewed.
2024-09-19 15:49:30,900 - INFO - Processando subcategoria: Amazon-apparaten & accessoires - best_sellers
2024-09-19 15:49:31,826 - INFO - Encontrados 30 itens na categoria Amazon-apparaten & accessoires.
2024-09-19 15:51:10,820 - INFO - Extração iniciada
2024-09-19 15:51:10,820 - INFO - Tratamento iniciado
2024-09-19 15:51:10,830 - INFO - Extração iniciada
2024-09-19 15:51:10,830 - INFO - Iniciando processamento de Best Sellers
2024-09-19 15:51:12,021 - INFO - Links de subcategorias encontrados para a URL: https://www.amazon.nl/gp/bestsellers/
2024-09-19 15:51:12,031 - INFO - Processando subcategoria: Amazon Renewed - best_sellers
2024-09-19 15:51:12,994 - INFO - Encontrados 30 itens na categoria Amazon Renewed.
2024-09-19 15:51:31,219 - INFO - Extração iniciada
2024-09-19 15:51:31,219 - INFO - Tratamento iniciado
2024-09-19 15:51:31,229 - INFO - Extração iniciada
2024-09-19 15:51:31,229 - INFO - Iniciando processamento de Best Sellers
2024-09-19 15:51:32,405 - INFO - Links de subcategorias encontrados para a URL: https://www.amazon.nl/gp/bestsellers/
2024-09-19 15:51:32,414 - INFO - Processando subcategoria: Amazon Renewed - best_sellers
2024-09-19 15:51:33,496 - INFO - Encontrados 30 itens na categoria Amazon Renewed.
2024-09-19 15:51:44,868 - INFO - Processando subcategoria: Amazon-apparaten & accessoires - best_sellers
2024-09-19 15:51:45,963 - INFO - Encontrados 30 itens na categoria Amazon-apparaten & accessoires.
2024-09-19 15:52:10,326 - INFO - Extração iniciada
2024-09-19 15:52:10,326 - INFO - Tratamento iniciado
2024-09-19 15:52:10,333 - INFO - Extração iniciada
2024-09-19 15:52:10,333 - INFO - Iniciando processamento de Best Sellers
2024-09-19 15:52:11,550 - INFO - Links de subcategorias encontrados para a URL: https://www.amazon.nl/gp/bestsellers/
2024-09-19 15:52:11,559 - INFO - Processando subcategoria: Amazon Renewed - best_sellers
2024-09-19 15:52:12,752 - INFO - Encontrados 30 itens na categoria Amazon Renewed.
2024-09-19 15:55:53,478 - INFO - Extração iniciada
2024-09-19 15:55:53,478 - INFO - Tratamento iniciado
2024-09-19 15:55:53,489 - INFO - Extração iniciada
2024-09-19 15:55:53,489 - INFO - Iniciando processamento de Best Sellers
2024-09-19 15:55:55,215 - INFO - Links de subcategorias encontrados para a URL: https://www.amazon.nl/gp/bestsellers/
2024-09-19 15:55:55,215 - INFO - Processando subcategoria: Amazon Renewed - best_sellers
2024-09-19 15:55:56,879 - INFO - Encontrados 30 itens na categoria Amazon Renewed.
2024-09-19 15:56:08,659 - INFO - Processando subcategoria: Amazon-apparaten & accessoires - best_sellers
2024-09-19 15:56:10,175 - INFO - Encontrados 30 itens na categoria Amazon-apparaten & accessoires.
2024-09-19 15:56:24,005 - INFO - Processando subcategoria: Auto & motor - best_sellers
2024-09-19 15:56:24,911 - INFO - Encontrados 30 itens na categoria Auto & motor.
2024-09-19 15:58:31,626 - INFO - Extração iniciada
2024-09-19 15:58:31,626 - INFO - Tratamento iniciado
2024-09-19 15:58:31,626 - INFO - Extração iniciada
2024-09-19 15:58:31,626 - INFO - Iniciando processamento de Best Sellers
2024-09-19 15:58:32,831 - INFO - Links de subcategorias encontrados para a URL: https://www.amazon.nl/gp/bestsellers/
2024-09-19 15:58:32,831 - INFO - Processando subcategoria: Amazon Renewed - best_sellers
2024-09-19 15:58:33,802 - INFO - Encontrados 30 itens na categoria Amazon Renewed.
2024-09-19 15:58:53,369 - INFO - Processando subcategoria: Amazon-apparaten & accessoires - best_sellers
2024-09-19 15:58:54,487 - INFO - Encontrados 30 itens na categoria Amazon-apparaten & accessoires.
2024-09-19 15:59:11,517 - INFO - Processando subcategoria: Auto & motor - best_sellers
2024-09-19 15:59:12,693 - INFO - Encontrados 30 itens na categoria Auto & motor.
2024-09-19 15:59:31,019 - INFO - Processando subcategoria: Babyproducten - best_sellers
2024-09-19 15:59:31,266 - WARNING - Nenhum item encontrado na categoria Babyproducten na tentativa 1/2.
2024-09-19 15:59:33,478 - INFO - Encontrados 30 itens na categoria Babyproducten.
2024-09-19 16:00:09,996 - INFO - Extração iniciada
2024-09-19 16:00:09,996 - INFO - Tratamento iniciado
2024-09-19 16:00:10,006 - INFO - Extração iniciada
2024-09-19 16:00:10,006 - INFO - Iniciando processamento de Best Sellers
2024-09-19 16:00:11,193 - INFO - Links de subcategorias encontrados para a URL: https://www.amazon.nl/gp/bestsellers/
2024-09-19 16:00:11,193 - INFO - Processando subcategoria: Amazon Renewed - best_sellers
2024-09-19 16:00:12,233 - INFO - Encontrados 30 itens na categoria Amazon Renewed.
2024-09-19 16:00:26,752 - INFO - Processando subcategoria: Amazon-apparaten & accessoires - best_sellers
2024-09-19 16:00:27,873 - INFO - Encontrados 30 itens na categoria Amazon-apparaten & accessoires.
2024-09-19 16:00:46,671 - INFO - Processando subcategoria: Auto & motor - best_sellers
2024-09-19 16:00:47,906 - INFO - Encontrados 30 itens na categoria Auto & motor.
2024-09-19 16:15:21,269 - INFO - Extração iniciada
2024-09-19 16:15:21,269 - INFO - Tratamento iniciado
2024-09-19 16:15:21,279 - INFO - Extração iniciada
2024-09-19 16:15:21,279 - INFO - Iniciando processamento de Best Sellers
2024-09-19 16:15:22,492 - INFO - Links de subcategorias encontrados para a URL: https://www.amazon.nl/gp/bestsellers/
2024-09-19 16:15:22,492 - INFO - Processando subcategoria: Amazon Renewed - best_sellers
2024-09-19 16:15:23,663 - INFO - Encontrados 30 itens na categoria Amazon Renewed.
2024-09-19 16:15:53,541 - INFO - Extração iniciada
2024-09-19 16:15:53,541 - INFO - Tratamento iniciado
2024-09-19 16:15:53,558 - INFO - Extração iniciada
2024-09-19 16:15:53,558 - INFO - Iniciando processamento de Best Sellers
2024-09-19 16:15:54,958 - INFO - Links de subcategorias encontrados para a URL: https://www.amazon.nl/gp/bestsellers/
2024-09-19 16:15:54,958 - INFO - Processando subcategoria: Amazon Renewed - best_sellers
2024-09-19 16:15:55,924 - INFO - Encontrados 30 itens na categoria Amazon Renewed.
2024-09-19 16:16:14,172 - INFO - Processando subcategoria: Amazon-apparaten & accessoires - best_sellers
2024-09-19 16:16:15,207 - INFO - Encontrados 30 itens na categoria Amazon-apparaten & accessoires.
2024-09-19 16:16:27,199 - INFO - Processando subcategoria: Auto & motor - best_sellers
2024-09-19 16:16:28,574 - INFO - Encontrados 30 itens na categoria Auto & motor.
2024-09-19 16:16:39,083 - INFO - Processando subcategoria: Babyproducten - best_sellers
2024-09-19 16:16:40,363 - INFO - Encontrados 30 itens na categoria Babyproducten.
2024-09-19 16:16:56,917 - INFO - Processando subcategoria: Beauty - best_sellers
2024-09-19 16:16:58,175 - INFO - Encontrados 30 itens na categoria Beauty.
2024-09-19 16:17:08,911 - INFO - Processando subcategoria: Boeken - best_sellers
2024-09-19 16:17:10,123 - INFO - Encontrados 30 itens na categoria Boeken.
2024-09-19 16:17:29,350 - INFO - Processando subcategoria: Cadeaubonnen - best_sellers
2024-09-19 16:17:30,329 - INFO - Encontrados 30 itens na categoria Cadeaubonnen.
2024-09-19 16:17:49,191 - INFO - Processando subcategoria: Elektronica - best_sellers
2024-09-19 16:17:50,294 - INFO - Encontrados 30 itens na categoria Elektronica.
2024-09-19 16:18:05,565 - INFO - Processando subcategoria: Films & tv - best_sellers
2024-09-19 16:18:06,644 - INFO - Encontrados 30 itens na categoria Films & tv.
2024-09-19 16:18:17,068 - INFO - Processando subcategoria: Games - best_sellers
2024-09-19 16:18:18,138 - INFO - Encontrados 30 itens na categoria Games.
2024-09-19 16:18:31,889 - INFO - Processando subcategoria: Gezondheid & persoonlijke verzorging - best_sellers
2024-09-19 16:18:32,995 - INFO - Encontrados 30 itens na categoria Gezondheid & persoonlijke verzorging.
2024-09-19 16:18:52,504 - INFO - Processando subcategoria: Huisdierbenodigdheden - best_sellers
2024-09-19 16:18:53,981 - INFO - Encontrados 30 itens na categoria Huisdierbenodigdheden.
2024-09-19 16:19:07,036 - INFO - Processando subcategoria: Kantoorproducten - best_sellers
2024-09-19 16:19:08,295 - INFO - Encontrados 30 itens na categoria Kantoorproducten.
2024-09-19 16:19:18,742 - INFO - Processando subcategoria: Kindle Store - best_sellers
2024-09-19 16:19:19,713 - INFO - Encontrados 30 itens na categoria Kindle Store.
2024-09-19 16:19:33,971 - INFO - Processando subcategoria: Kleding, schoenen & sieraden - best_sellers
2024-09-19 16:19:35,279 - INFO - Encontrados 30 itens na categoria Kleding, schoenen & sieraden.
2024-09-19 16:19:50,932 - INFO - Processando subcategoria: Klussen & gereedschap - best_sellers
2024-09-19 16:19:52,165 - INFO - Encontrados 30 itens na categoria Klussen & gereedschap.
2024-09-19 16:20:04,589 - INFO - Processando subcategoria: Knutselen - best_sellers
2024-09-19 16:20:05,784 - INFO - Encontrados 30 itens na categoria Knutselen.
2024-09-19 16:20:19,880 - INFO - Processando subcategoria: Levensmiddelen - best_sellers
2024-09-19 16:20:20,939 - INFO - Encontrados 30 itens na categoria Levensmiddelen.
2024-09-19 16:20:32,671 - INFO - Processando subcategoria: Muziek - best_sellers
2024-09-19 16:20:33,864 - INFO - Encontrados 30 itens na categoria Muziek.
2024-09-19 16:20:52,249 - INFO - Processando subcategoria: Muziekinstrumenten - best_sellers
2024-09-19 16:20:53,498 - INFO - Encontrados 30 itens na categoria Muziekinstrumenten.
2024-09-19 16:21:09,016 - INFO - Processando subcategoria: Software - best_sellers
2024-09-19 16:21:10,047 - INFO - Encontrados 30 itens na categoria Software.
2024-09-19 16:21:22,961 - INFO - Processando subcategoria: Speelgoed & spellen - best_sellers
2024-09-19 16:21:24,115 - INFO - Encontrados 30 itens na categoria Speelgoed & spellen.
2024-09-19 16:21:36,948 - INFO - Processando subcategoria: Sport & outdoor - best_sellers
2024-09-19 16:21:38,134 - INFO - Encontrados 30 itens na categoria Sport & outdoor.
2024-09-19 16:21:53,627 - INFO - Processando subcategoria: Tuin, terras & gazon - best_sellers
2024-09-19 16:21:54,732 - INFO - Encontrados 30 itens na categoria Tuin, terras & gazon.
2024-09-19 16:22:07,230 - INFO - Processando subcategoria: Wonen & keuken - best_sellers
2024-09-19 16:22:08,456 - INFO - Encontrados 30 itens na categoria Wonen & keuken.
2024-09-19 16:22:22,880 - INFO - Processando subcategoria: Zakelijk, industrie & wetenschap - best_sellers
2024-09-19 16:22:24,317 - INFO - Encontrados 30 itens na categoria Zakelijk, industrie & wetenschap.
2024-09-19 16:22:37,830 - INFO - Produtos de Best Sellers: 780
2024-09-19 16:22:44,205 - INFO - Iniciando processamento de Movers and Shakers
2024-09-19 16:22:45,662 - INFO - Links de subcategorias encontrados para a URL: https://www.amazon.nl/gp/movers-and-shakers/
2024-09-19 16:22:45,662 - INFO - Processando subcategoria: Amazon Renewed - movers_and_shakers
2024-09-19 16:22:46,951 - INFO - Encontrados 30 itens na categoria Amazon Renewed.
2024-09-19 16:22:57,204 - INFO - Processando subcategoria: Amazon-apparaten & accessoires - movers_and_shakers
2024-09-19 16:22:58,435 - INFO - Encontrados 23 itens na categoria Amazon-apparaten & accessoires.
2024-09-19 16:23:12,036 - INFO - Processando subcategoria: Auto & motor - movers_and_shakers
2024-09-19 16:23:13,302 - INFO - Encontrados 30 itens na categoria Auto & motor.
2024-09-19 16:23:29,823 - INFO - Processando subcategoria: Babyproducten - movers_and_shakers
2024-09-19 16:23:31,019 - INFO - Encontrados 30 itens na categoria Babyproducten.
2024-09-19 16:23:45,747 - INFO - Processando subcategoria: Beauty - movers_and_shakers
2024-09-19 16:23:47,076 - INFO - Encontrados 30 itens na categoria Beauty.
2024-09-19 16:24:00,803 - INFO - Processando subcategoria: Boeken - movers_and_shakers
2024-09-19 16:24:02,069 - INFO - Encontrados 30 itens na categoria Boeken.
2024-09-19 16:24:15,795 - INFO - Processando subcategoria: Cadeaubonnen - movers_and_shakers
2024-09-19 16:24:16,887 - INFO - Encontrados 30 itens na categoria Cadeaubonnen.
2024-09-19 16:24:35,830 - INFO - Processando subcategoria: Elektronica - movers_and_shakers
2024-09-19 16:24:37,120 - INFO - Encontrados 30 itens na categoria Elektronica.
2024-09-19 16:24:55,046 - INFO - Processando subcategoria: Films & tv - movers_and_shakers
2024-09-19 16:24:56,121 - INFO - Encontrados 30 itens na categoria Films & tv.
2024-09-19 16:25:12,638 - INFO - Processando subcategoria: Games - movers_and_shakers
2024-09-19 16:25:13,891 - INFO - Encontrados 30 itens na categoria Games.
2024-09-19 16:25:28,752 - INFO - Processando subcategoria: Gezondheid & persoonlijke verzorging - movers_and_shakers
2024-09-19 16:25:29,971 - INFO - Encontrados 30 itens na categoria Gezondheid & persoonlijke verzorging.
2024-09-19 16:25:43,669 - INFO - Processando subcategoria: Huisdierbenodigdheden - movers_and_shakers
2024-09-19 16:25:45,369 - INFO - Encontrados 30 itens na categoria Huisdierbenodigdheden.
2024-09-19 16:25:58,048 - INFO - Processando subcategoria: Kantoorproducten - movers_and_shakers
2024-09-19 16:25:59,279 - INFO - Encontrados 30 itens na categoria Kantoorproducten.
2024-09-19 16:26:15,821 - INFO - Processando subcategoria: Kindle Store - movers_and_shakers
2024-09-19 16:26:17,284 - INFO - Encontrados 30 itens na categoria Kindle Store.
2024-09-19 16:26:34,255 - INFO - Processando subcategoria: Kleding, schoenen & sieraden - movers_and_shakers
2024-09-19 16:26:35,424 - INFO - Encontrados 30 itens na categoria Kleding, schoenen & sieraden.
2024-09-19 16:26:47,416 - INFO - Processando subcategoria: Klussen & gereedschap - movers_and_shakers
2024-09-19 16:26:49,719 - INFO - Encontrados 30 itens na categoria Klussen & gereedschap.
2024-09-19 16:27:06,599 - INFO - Processando subcategoria: Knutselen - movers_and_shakers
2024-09-19 16:27:07,759 - INFO - Encontrados 30 itens na categoria Knutselen.
2024-09-19 16:27:24,306 - INFO - Processando subcategoria: Levensmiddelen - movers_and_shakers
2024-09-19 16:27:25,544 - INFO - Encontrados 30 itens na categoria Levensmiddelen.
2024-09-19 16:27:36,607 - INFO - Processando subcategoria: Muziek - movers_and_shakers
2024-09-19 16:27:37,766 - INFO - Encontrados 30 itens na categoria Muziek.
2024-09-19 16:27:55,539 - INFO - Processando subcategoria: Muziekinstrumenten - movers_and_shakers
2024-09-19 16:27:56,754 - INFO - Encontrados 30 itens na categoria Muziekinstrumenten.
2024-09-19 16:28:09,217 - INFO - Processando subcategoria: Software - movers_and_shakers
2024-09-19 16:28:11,121 - INFO - Encontrados 26 itens na categoria Software.
2024-09-19 16:28:26,659 - INFO - Processando subcategoria: Speelgoed & spellen - movers_and_shakers
2024-09-19 16:28:28,056 - INFO - Encontrados 30 itens na categoria Speelgoed & spellen.
2024-09-19 16:28:40,734 - INFO - Processando subcategoria: Sport & outdoor - movers_and_shakers
2024-09-19 16:28:42,047 - INFO - Encontrados 30 itens na categoria Sport & outdoor.
2024-09-19 16:28:57,285 - INFO - Processando subcategoria: Tuin, terras & gazon - movers_and_shakers
2024-09-19 16:28:59,168 - WARNING - Nenhum item encontrado na categoria Tuin, terras & gazon na tentativa 1/2.
2024-09-19 16:29:01,374 - INFO - Encontrados 30 itens na categoria Tuin, terras & gazon.
2024-09-19 16:29:11,665 - INFO - Processando subcategoria: Wonen & keuken - movers_and_shakers
2024-09-19 16:29:12,849 - INFO - Encontrados 30 itens na categoria Wonen & keuken.
2024-09-19 16:29:27,252 - INFO - Produtos de Movers and Shakers: 739
2024-09-19 16:29:32,901 - INFO - Iniciando processamento de New Releases
2024-09-19 16:29:34,088 - INFO - Links de subcategorias encontrados para a URL: https://www.amazon.nl/gp/new-releases/
2024-09-19 16:29:34,088 - INFO - Processando subcategoria: Amazon Renewed - new_releases
2024-09-19 16:29:34,989 - INFO - Encontrados 17 itens na categoria Amazon Renewed.
2024-09-19 16:29:45,436 - INFO - Processando subcategoria: Amazon-apparaten & accessoires - new_releases
2024-09-19 16:29:46,419 - INFO - Encontrados 15 itens na categoria Amazon-apparaten & accessoires.
2024-09-19 16:29:57,314 - INFO - Processando subcategoria: Auto & motor - new_releases
2024-09-19 16:29:58,491 - INFO - Encontrados 30 itens na categoria Auto & motor.
2024-09-19 16:30:11,033 - INFO - Processando subcategoria: Babyproducten - new_releases
2024-09-19 16:30:12,184 - INFO - Encontrados 30 itens na categoria Babyproducten.
2024-09-19 16:30:23,573 - INFO - Processando subcategoria: Beauty - new_releases
2024-09-19 16:30:24,860 - INFO - Encontrados 30 itens na categoria Beauty.
2024-09-19 16:30:38,349 - INFO - Processando subcategoria: Boeken - new_releases
2024-09-19 16:30:39,877 - INFO - Encontrados 30 itens na categoria Boeken.
2024-09-19 16:30:49,965 - INFO - Processando subcategoria: Elektronica - new_releases
2024-09-19 16:30:50,759 - INFO - Encontrados 30 itens na categoria Elektronica.
2024-09-19 16:31:04,210 - INFO - Processando subcategoria: Films & tv - new_releases
2024-09-19 16:31:05,279 - INFO - Encontrados 30 itens na categoria Films & tv.
2024-09-19 16:31:21,874 - INFO - Processando subcategoria: Games - new_releases
2024-09-19 16:31:22,868 - INFO - Encontrados 30 itens na categoria Games.
2024-09-19 16:31:41,828 - INFO - Processando subcategoria: Gezondheid & persoonlijke verzorging - new_releases
2024-09-19 16:31:42,868 - INFO - Encontrados 30 itens na categoria Gezondheid & persoonlijke verzorging.
2024-09-19 16:31:59,066 - INFO - Processando subcategoria: Huisdierbenodigdheden - new_releases
2024-09-19 16:32:00,216 - INFO - Encontrados 30 itens na categoria Huisdierbenodigdheden.
2024-09-19 16:32:19,985 - INFO - Processando subcategoria: Kantoorproducten - new_releases
2024-09-19 16:32:20,998 - INFO - Encontrados 30 itens na categoria Kantoorproducten.
2024-09-19 16:32:37,604 - INFO - Processando subcategoria: Kindle Store - new_releases
2024-09-19 16:32:38,554 - INFO - Encontrados 30 itens na categoria Kindle Store.
2024-09-19 16:32:56,863 - INFO - Processando subcategoria: Kleding, schoenen & sieraden - new_releases
2024-09-19 16:32:57,711 - INFO - Encontrados 30 itens na categoria Kleding, schoenen & sieraden.
2024-09-19 16:33:15,505 - INFO - Processando subcategoria: Klussen & gereedschap - new_releases
2024-09-19 16:33:16,647 - INFO - Encontrados 30 itens na categoria Klussen & gereedschap.
2024-09-19 16:33:28,959 - INFO - Processando subcategoria: Knutselen - new_releases
2024-09-19 16:33:29,935 - INFO - Encontrados 30 itens na categoria Knutselen.
2024-09-19 16:33:42,705 - INFO - Processando subcategoria: Muziek - new_releases
2024-09-19 16:33:43,808 - INFO - Encontrados 30 itens na categoria Muziek.
2024-09-19 16:34:02,971 - INFO - Processando subcategoria: Muziekinstrumenten - new_releases
2024-09-19 16:34:04,204 - INFO - Encontrados 30 itens na categoria Muziekinstrumenten.
2024-09-19 16:34:19,265 - INFO - Processando subcategoria: Speelgoed & spellen - new_releases
2024-09-19 16:34:20,361 - INFO - Encontrados 30 itens na categoria Speelgoed & spellen.
2024-09-19 16:34:40,125 - INFO - Processando subcategoria: Sport & outdoor - new_releases
2024-09-19 16:34:41,346 - INFO - Encontrados 30 itens na categoria Sport & outdoor.
2024-09-19 16:34:59,781 - INFO - Processando subcategoria: Tuin, terras & gazon - new_releases
2024-09-19 16:35:00,949 - INFO - Encontrados 30 itens na categoria Tuin, terras & gazon.
2024-09-19 16:35:11,151 - INFO - Processando subcategoria: Wonen & keuken - new_releases
2024-09-19 16:35:11,999 - INFO - Encontrados 30 itens na categoria Wonen & keuken.
2024-09-19 16:35:25,557 - INFO - Produtos de New Releases: 632
2024-09-19 16:35:26,120 - INFO - Dados consolidados salvos em C:/Users/ThiagoBizacha/Desktop/Projeto_Automacao_Coleta_Dados/data/output/bot_amazon/extract_amazon_full_2024-09-19.xlsx
2024-09-19 16:35:26,121 - INFO - Processo finalizado!
2024-09-19 16:35:26,121 - INFO - Produtos Totais encontrados: 780+739+632/ Total: 2600
2024-09-19 16:35:26,122 - INFO - Iniciando transformação
2024-09-19 16:35:26,131 - INFO - Dados limpos e valores inválidos removidos.
2024-09-19 16:35:26,133 - INFO - Campos calculados adicionados com sucesso.
2024-09-19 16:35:26,133 - INFO - Transformação finalizada.
2024-09-19 16:35:26,515 - INFO - Dados carregados e salvos em C:/Users/ThiagoBizacha/Desktop/Projeto_Automacao_Coleta_Dados/data/output/bot_amazon/base_amazon_final_2024-09-19.xlsx.
2024-09-19 16:35:26,952 - INFO - Conexão com o banco de dados realizada com sucesso!
2024-09-19 16:35:27,312 - INFO - Dados carregados com sucesso no PostgreSQL - amazon_nl_final.
2024-09-20 10:20:58,794 - INFO - Extração iniciada
2024-09-20 10:20:58,795 - INFO - Tratamento iniciado
2024-09-20 10:20:58,804 - INFO - Extração iniciada
2024-09-20 10:20:58,805 - INFO - Iniciando processamento de Best Sellers
2024-09-20 10:20:59,876 - INFO - Links de subcategorias encontrados para a URL: https://www.amazon.nl/gp/bestsellers/
2024-09-20 10:20:59,876 - INFO - Processando subcategoria: Amazon Renewed - best_sellers
2024-09-20 10:21:00,977 - INFO - Encontrados 30 itens na categoria Amazon Renewed.
2024-09-20 10:21:20,705 - INFO - Processando subcategoria: Amazon-apparaten & accessoires - best_sellers
2024-09-20 10:21:21,778 - INFO - Encontrados 30 itens na categoria Amazon-apparaten & accessoires.
2024-09-20 10:21:35,232 - INFO - Processando subcategoria: Auto & motor - best_sellers
2024-09-20 10:21:36,343 - INFO - Encontrados 30 itens na categoria Auto & motor.
2024-09-20 10:21:54,784 - INFO - Processando subcategoria: Babyproducten - best_sellers
2024-09-20 10:21:55,984 - INFO - Encontrados 30 itens na categoria Babyproducten.
2024-09-20 10:22:11,116 - INFO - Processando subcategoria: Beauty - best_sellers
2024-09-20 10:22:12,872 - INFO - Encontrados 30 itens na categoria Beauty.
2024-09-20 10:22:25,934 - INFO - Processando subcategoria: Boeken - best_sellers
2024-09-20 10:22:27,286 - INFO - Encontrados 30 itens na categoria Boeken.
2024-09-20 10:22:40,212 - INFO - Processando subcategoria: Cadeaubonnen - best_sellers
2024-09-20 10:22:41,164 - INFO - Encontrados 30 itens na categoria Cadeaubonnen.
2024-09-20 10:22:55,494 - INFO - Processando subcategoria: Elektronica - best_sellers
2024-09-20 10:22:56,674 - INFO - Encontrados 30 itens na categoria Elektronica.
2024-09-20 10:23:13,644 - INFO - Processando subcategoria: Films & tv - best_sellers
2024-09-20 10:23:14,633 - INFO - Encontrados 30 itens na categoria Films & tv.
2024-09-20 10:23:28,018 - INFO - Processando subcategoria: Games - best_sellers
2024-09-20 10:23:29,004 - INFO - Encontrados 30 itens na categoria Games.
2024-09-20 10:23:43,349 - INFO - Processando subcategoria: Gezondheid & persoonlijke verzorging - best_sellers
2024-09-20 10:23:44,789 - INFO - Encontrados 30 itens na categoria Gezondheid & persoonlijke verzorging.
2024-09-20 10:23:54,833 - INFO - Processando subcategoria: Huisdierbenodigdheden - best_sellers
2024-09-20 10:23:56,443 - INFO - Encontrados 30 itens na categoria Huisdierbenodigdheden.
2024-09-20 10:24:06,975 - INFO - Processando subcategoria: Kantoorproducten - best_sellers
2024-09-20 10:24:08,000 - INFO - Encontrados 30 itens na categoria Kantoorproducten.
2024-09-20 10:24:24,853 - INFO - Processando subcategoria: Kindle Store - best_sellers
2024-09-20 10:24:25,764 - INFO - Encontrados 30 itens na categoria Kindle Store.
2024-09-20 10:24:39,012 - INFO - Processando subcategoria: Kleding, schoenen & sieraden - best_sellers
2024-09-20 10:24:40,200 - INFO - Encontrados 30 itens na categoria Kleding, schoenen & sieraden.
2024-09-20 10:24:56,981 - INFO - Processando subcategoria: Klussen & gereedschap - best_sellers
2024-09-20 10:24:58,200 - INFO - Encontrados 30 itens na categoria Klussen & gereedschap.
2024-09-20 10:25:15,047 - INFO - Processando subcategoria: Knutselen - best_sellers
2024-09-20 10:25:16,161 - INFO - Encontrados 30 itens na categoria Knutselen.
2024-09-20 10:25:30,828 - INFO - Processando subcategoria: Levensmiddelen - best_sellers
2024-09-20 10:25:32,041 - INFO - Encontrados 30 itens na categoria Levensmiddelen.
2024-09-20 10:25:42,092 - INFO - Processando subcategoria: Muziek - best_sellers
2024-09-20 10:25:43,104 - INFO - Encontrados 30 itens na categoria Muziek.
2024-09-20 10:26:01,358 - INFO - Processando subcategoria: Muziekinstrumenten - best_sellers
2024-09-20 10:26:02,377 - INFO - Encontrados 30 itens na categoria Muziekinstrumenten.
2024-09-20 10:26:17,653 - INFO - Processando subcategoria: Software - best_sellers
2024-09-20 10:26:18,821 - INFO - Encontrados 30 itens na categoria Software.
2024-09-20 10:26:34,623 - INFO - Processando subcategoria: Speelgoed & spellen - best_sellers
2024-09-20 10:26:35,875 - INFO - Encontrados 30 itens na categoria Speelgoed & spellen.
2024-09-20 10:26:50,122 - INFO - Processando subcategoria: Sport & outdoor - best_sellers
2024-09-20 10:26:51,440 - INFO - Encontrados 30 itens na categoria Sport & outdoor.
2024-09-20 10:27:06,153 - INFO - Processando subcategoria: Tuin, terras & gazon - best_sellers
2024-09-20 10:27:07,300 - INFO - Encontrados 30 itens na categoria Tuin, terras & gazon.
2024-09-20 10:27:23,557 - INFO - Processando subcategoria: Wonen & keuken - best_sellers
2024-09-20 10:27:24,880 - INFO - Encontrados 30 itens na categoria Wonen & keuken.
2024-09-20 10:27:37,080 - INFO - Processando subcategoria: Zakelijk, industrie & wetenschap - best_sellers
2024-09-20 10:27:38,218 - INFO - Encontrados 30 itens na categoria Zakelijk, industrie & wetenschap.
2024-09-20 10:27:57,552 - INFO - Produtos de Best Sellers: 780
2024-09-20 10:28:02,839 - INFO - Iniciando processamento de Movers and Shakers
2024-09-20 10:28:03,922 - INFO - Links de subcategorias encontrados para a URL: https://www.amazon.nl/gp/movers-and-shakers/
2024-09-20 10:28:03,922 - INFO - Processando subcategoria: Amazon Renewed - movers_and_shakers
2024-09-20 10:28:05,253 - INFO - Encontrados 30 itens na categoria Amazon Renewed.
2024-09-20 10:28:23,783 - INFO - Processando subcategoria: Amazon-apparaten & accessoires - movers_and_shakers
2024-09-20 10:28:24,865 - INFO - Encontrados 24 itens na categoria Amazon-apparaten & accessoires.
2024-09-20 10:28:43,831 - INFO - Processando subcategoria: Auto & motor - movers_and_shakers
2024-09-20 10:28:45,102 - INFO - Encontrados 30 itens na categoria Auto & motor.
2024-09-20 10:28:59,641 - INFO - Processando subcategoria: Babyproducten - movers_and_shakers
2024-09-20 10:29:00,801 - INFO - Encontrados 30 itens na categoria Babyproducten.
2024-09-20 10:29:19,080 - INFO - Processando subcategoria: Beauty - movers_and_shakers
2024-09-20 10:29:20,364 - INFO - Encontrados 30 itens na categoria Beauty.
2024-09-20 10:29:35,015 - INFO - Processando subcategoria: Boeken - movers_and_shakers
2024-09-20 10:29:36,354 - INFO - Encontrados 30 itens na categoria Boeken.
2024-09-20 10:29:47,332 - INFO - Processando subcategoria: Cadeaubonnen - movers_and_shakers
2024-09-20 10:29:48,335 - INFO - Encontrados 28 itens na categoria Cadeaubonnen.
2024-09-20 10:30:02,809 - INFO - Extração iniciada
2024-09-20 10:30:02,809 - INFO - Tratamento iniciado
2024-09-20 10:30:02,819 - INFO - Extração iniciada
2024-09-20 10:30:02,819 - INFO - Iniciando processamento de Best Sellers
2024-09-20 10:30:03,937 - INFO - Links de subcategorias encontrados para a URL: https://www.amazon.nl/gp/bestsellers/
2024-09-20 10:30:03,937 - INFO - Processando subcategoria: Amazon Renewed - best_sellers
2024-09-20 10:30:05,020 - INFO - Encontrados 30 itens na categoria Amazon Renewed.
2024-09-20 10:30:05,691 - INFO - Processando subcategoria: Elektronica - movers_and_shakers
2024-09-20 10:30:06,954 - INFO - Encontrados 30 itens na categoria Elektronica.
2024-09-20 10:30:23,257 - INFO - Processando subcategoria: Films & tv - movers_and_shakers
2024-09-20 10:30:24,470 - INFO - Encontrados 30 itens na categoria Films & tv.
2024-09-20 10:30:40,945 - INFO - Processando subcategoria: Games - movers_and_shakers
2024-09-20 10:30:42,726 - INFO - Encontrados 30 itens na categoria Games.
2024-09-20 10:31:00,177 - INFO - Processando subcategoria: Gezondheid & persoonlijke verzorging - movers_and_shakers
2024-09-20 10:31:02,015 - INFO - Encontrados 30 itens na categoria Gezondheid & persoonlijke verzorging.
2024-09-20 10:31:16,993 - INFO - Processando subcategoria: Huisdierbenodigdheden - movers_and_shakers
2024-09-20 10:31:18,809 - INFO - Encontrados 30 itens na categoria Huisdierbenodigdheden.
2024-09-20 10:31:37,870 - INFO - Processando subcategoria: Kantoorproducten - movers_and_shakers
2024-09-20 10:31:39,200 - INFO - Encontrados 30 itens na categoria Kantoorproducten.
2024-09-20 10:31:50,957 - INFO - Processando subcategoria: Kindle Store - movers_and_shakers
2024-09-20 10:31:52,065 - INFO - Encontrados 30 itens na categoria Kindle Store.
2024-09-20 10:32:05,180 - INFO - Processando subcategoria: Kleding, schoenen & sieraden - movers_and_shakers
2024-09-20 10:32:06,436 - INFO - Encontrados 30 itens na categoria Kleding, schoenen & sieraden.
2024-09-20 10:32:21,815 - INFO - Processando subcategoria: Klussen & gereedschap - movers_and_shakers
2024-09-20 10:32:22,847 - INFO - Encontrados 30 itens na categoria Klussen & gereedschap.
2024-09-20 10:32:35,171 - INFO - Processando subcategoria: Knutselen - movers_and_shakers
2024-09-20 10:32:36,380 - INFO - Encontrados 30 itens na categoria Knutselen.
2024-09-20 10:32:49,010 - INFO - Processando subcategoria: Levensmiddelen - movers_and_shakers
2024-09-20 10:32:50,795 - INFO - Encontrados 30 itens na categoria Levensmiddelen.
2024-09-20 10:33:08,612 - INFO - Processando subcategoria: Muziek - movers_and_shakers
2024-09-20 10:33:09,738 - INFO - Encontrados 30 itens na categoria Muziek.
2024-09-20 10:33:26,787 - INFO - Processando subcategoria: Muziekinstrumenten - movers_and_shakers
2024-09-20 10:33:27,953 - INFO - Encontrados 30 itens na categoria Muziekinstrumenten.
2024-09-20 10:33:38,822 - INFO - Processando subcategoria: Software - movers_and_shakers
2024-09-20 10:33:39,997 - INFO - Encontrados 30 itens na categoria Software.
2024-09-20 10:33:51,971 - INFO - Processando subcategoria: Speelgoed & spellen - movers_and_shakers
2024-09-20 10:33:53,162 - INFO - Encontrados 30 itens na categoria Speelgoed & spellen.
2024-09-20 10:34:11,004 - INFO - Processando subcategoria: Sport & outdoor - movers_and_shakers
2024-09-20 10:34:12,177 - INFO - Encontrados 30 itens na categoria Sport & outdoor.
2024-09-20 10:34:24,599 - INFO - Processando subcategoria: Tuin, terras & gazon - movers_and_shakers
2024-09-20 10:34:26,329 - INFO - Encontrados 30 itens na categoria Tuin, terras & gazon.
2024-09-20 10:34:44,801 - INFO - Processando subcategoria: Wonen & keuken - movers_and_shakers
2024-09-20 10:34:45,953 - INFO - Encontrados 30 itens na categoria Wonen & keuken.
2024-09-20 10:35:02,327 - INFO - Produtos de Movers and Shakers: 742
2024-09-20 10:35:10,563 - INFO - Iniciando processamento de New Releases
2024-09-20 10:35:11,437 - WARNING - Nenhuma subcategoria encontrada na tentativa 1/2 para a URL: https://www.amazon.nl/gp/new-releases/
2024-09-20 10:35:14,065 - INFO - Links de subcategorias encontrados para a URL: https://www.amazon.nl/gp/new-releases/
2024-09-20 10:35:14,065 - INFO - Processando subcategoria: Amazon Renewed - new_releases
2024-09-20 10:35:14,955 - INFO - Encontrados 17 itens na categoria Amazon Renewed.
2024-09-20 10:35:29,717 - INFO - Processando subcategoria: Amazon-apparaten & accessoires - new_releases
2024-09-20 10:35:31,156 - INFO - Encontrados 15 itens na categoria Amazon-apparaten & accessoires.
2024-09-20 10:35:51,069 - INFO - Processando subcategoria: Auto & motor - new_releases
2024-09-20 10:35:52,062 - INFO - Encontrados 30 itens na categoria Auto & motor.
2024-09-20 10:36:04,961 - INFO - Processando subcategoria: Babyproducten - new_releases
2024-09-20 10:36:05,890 - INFO - Encontrados 30 itens na categoria Babyproducten.
2024-09-20 10:36:23,709 - INFO - Processando subcategoria: Beauty - new_releases
2024-09-20 10:36:24,671 - INFO - Encontrados 30 itens na categoria Beauty.
2024-09-20 10:36:39,059 - INFO - Processando subcategoria: Boeken - new_releases
2024-09-20 10:36:40,137 - INFO - Encontrados 30 itens na categoria Boeken.
2024-09-20 10:36:50,798 - INFO - Processando subcategoria: Elektronica - new_releases
2024-09-20 10:36:51,894 - INFO - Encontrados 30 itens na categoria Elektronica.
2024-09-20 10:37:04,970 - INFO - Processando subcategoria: Films & tv - new_releases
2024-09-20 10:37:06,467 - INFO - Encontrados 30 itens na categoria Films & tv.
2024-09-20 10:37:21,653 - INFO - Processando subcategoria: Games - new_releases
2024-09-20 10:37:23,334 - INFO - Encontrados 30 itens na categoria Games.
2024-09-20 10:37:40,840 - INFO - Processando subcategoria: Gezondheid & persoonlijke verzorging - new_releases
2024-09-20 10:37:41,965 - INFO - Encontrados 30 itens na categoria Gezondheid & persoonlijke verzorging.
2024-09-20 10:37:57,097 - INFO - Processando subcategoria: Huisdierbenodigdheden - new_releases
2024-09-20 10:37:58,044 - INFO - Encontrados 30 itens na categoria Huisdierbenodigdheden.
2024-09-20 10:38:11,162 - INFO - Processando subcategoria: Kantoorproducten - new_releases
2024-09-20 10:38:12,308 - INFO - Encontrados 30 itens na categoria Kantoorproducten.
2024-09-20 10:38:22,762 - INFO - Processando subcategoria: Kindle Store - new_releases
2024-09-20 10:38:23,680 - INFO - Encontrados 30 itens na categoria Kindle Store.
2024-09-20 10:38:35,116 - INFO - Processando subcategoria: Kleding, schoenen & sieraden - new_releases
2024-09-20 10:38:36,294 - INFO - Encontrados 30 itens na categoria Kleding, schoenen & sieraden.
2024-09-20 10:38:52,483 - INFO - Processando subcategoria: Klussen & gereedschap - new_releases
2024-09-20 10:38:53,722 - INFO - Encontrados 30 itens na categoria Klussen & gereedschap.
2024-09-20 10:39:09,385 - INFO - Processando subcategoria: Knutselen - new_releases
2024-09-20 10:39:10,395 - INFO - Encontrados 30 itens na categoria Knutselen.
2024-09-20 10:39:24,013 - INFO - Processando subcategoria: Muziek - new_releases
2024-09-20 10:39:25,066 - INFO - Encontrados 30 itens na categoria Muziek.
2024-09-20 10:39:37,908 - INFO - Processando subcategoria: Muziekinstrumenten - new_releases
2024-09-20 10:39:38,931 - INFO - Encontrados 30 itens na categoria Muziekinstrumenten.
2024-09-20 10:39:54,182 - INFO - Processando subcategoria: Speelgoed & spellen - new_releases
2024-09-20 10:39:55,601 - INFO - Encontrados 30 itens na categoria Speelgoed & spellen.
2024-09-20 10:40:15,190 - INFO - Processando subcategoria: Sport & outdoor - new_releases
2024-09-20 10:40:16,202 - INFO - Encontrados 30 itens na categoria Sport & outdoor.
2024-09-20 10:40:27,380 - INFO - Processando subcategoria: Tuin, terras & gazon - new_releases
2024-09-20 10:40:28,576 - INFO - Encontrados 30 itens na categoria Tuin, terras & gazon.
2024-09-20 10:40:44,977 - INFO - Processando subcategoria: Wonen & keuken - new_releases
2024-09-20 10:40:45,192 - WARNING - Nenhum item encontrado na categoria Wonen & keuken na tentativa 1/2.
2024-09-20 10:40:46,420 - WARNING - Nenhum item encontrado na categoria Wonen & keuken na tentativa 2/2.
2024-09-20 10:40:48,421 - ERROR - Falha ao obter produtos da categoria Wonen & keuken após 2 tentativas.
2024-09-20 10:40:48,421 - WARNING - Nenhum produto encontrado na subcategoria: Wonen & keuken - new_releases
2024-09-20 10:41:02,331 - INFO - Produtos de New Releases: 602
2024-09-20 10:41:02,915 - INFO - Dados consolidados salvos em C:/Users/ThiagoBizacha/Desktop/Projeto_Automacao_Coleta_Dados/data/output/bot_amazon/extract_amazon_full_2024-09-20.xlsx
2024-09-20 10:41:02,915 - INFO - Processo finalizado!
2024-09-20 10:41:02,915 - INFO - Produtos Totais encontrados: 780+742+602/ Total: 2600
2024-09-20 10:41:02,915 - INFO - Iniciando transformação
2024-09-20 10:41:02,930 - INFO - Dados limpos e valores inválidos removidos.
2024-09-20 10:41:02,930 - INFO - Campos calculados adicionados com sucesso.
2024-09-20 10:41:02,930 - INFO - Transformação finalizada.
2024-09-20 10:41:03,432 - INFO - Dados carregados e salvos em C:/Users/ThiagoBizacha/Desktop/Projeto_Automacao_Coleta_Dados/data/output/bot_amazon/base_amazon_final_2024-09-20.xlsx.
2024-09-20 10:41:03,964 - INFO - Conexão com o banco de dados realizada com sucesso!
2024-09-20 10:41:04,375 - INFO - Dados carregados com sucesso no PostgreSQL - amazon_nl_final.
