2024-08-09 10:58:12,030 - ERROR - HTTP error ao processar a categoria Alle afdelingen: 429 Client Error: Too Many Requests for url: https://real-time-amazon-data.p.rapidapi.com/best-sellers?category=aps&type=BEST_SELLERS&page=1&country=NL
2024-08-09 10:58:12,072 - ERROR - HTTP error ao processar a categoria Amazon Warehouse: 429 Client Error: Too Many Requests for url: https://real-time-amazon-data.p.rapidapi.com/best-sellers?category=warehouse-deals&type=BEST_SELLERS&page=1&country=NL
2024-08-09 10:58:12,124 - ERROR - HTTP error ao processar a categoria Amazon-apparaten: 429 Client Error: Too Many Requests for url: https://real-time-amazon-data.p.rapidapi.com/best-sellers?category=amazon-devices&type=BEST_SELLERS&page=1&country=NL
2024-08-09 10:58:12,175 - ERROR - HTTP error ao processar a categoria Auto en motor: 429 Client Error: Too Many Requests for url: https://real-time-amazon-data.p.rapidapi.com/best-sellers?category=automotive&type=BEST_SELLERS&page=1&country=NL
2024-08-09 10:58:12,219 - ERROR - HTTP error ao processar a categoria Babyproducten: 429 Client Error: Too Many Requests for url: https://real-time-amazon-data.p.rapidapi.com/best-sellers?category=baby&type=BEST_SELLERS&page=1&country=NL
2024-08-09 10:58:12,264 - ERROR - HTTP error ao processar a categoria Beauty en persoonlijke verzorging: 429 Client Error: Too Many Requests for url: https://real-time-amazon-data.p.rapidapi.com/best-sellers?category=beauty&type=BEST_SELLERS&page=1&country=NL
2024-08-09 10:58:12,305 - ERROR - HTTP error ao processar a categoria Black Friday: 429 Client Error: Too Many Requests for url: https://real-time-amazon-data.p.rapidapi.com/best-sellers?category=black-friday&type=BEST_SELLERS&page=1&country=NL
2024-08-09 10:58:12,341 - ERROR - HTTP error ao processar a categoria Boeken: 429 Client Error: Too Many Requests for url: https://real-time-amazon-data.p.rapidapi.com/best-sellers?category=stripbooks&type=BEST_SELLERS&page=1&country=NL
2024-08-09 10:58:12,385 - ERROR - HTTP error ao processar a categoria Cadeaubonnen: 429 Client Error: Too Many Requests for url: https://real-time-amazon-data.p.rapidapi.com/best-sellers?category=gift-cards&type=BEST_SELLERS&page=1&country=NL
2024-08-09 10:58:12,426 - ERROR - HTTP error ao processar a categoria Cd's en lp's: 429 Client Error: Too Many Requests for url: https://real-time-amazon-data.p.rapidapi.com/best-sellers?category=popular&type=BEST_SELLERS&page=1&country=NL
2024-08-09 10:58:12,465 - ERROR - HTTP error ao processar a categoria Elektronica: 429 Client Error: Too Many Requests for url: https://real-time-amazon-data.p.rapidapi.com/best-sellers?category=electronics&type=BEST_SELLERS&page=1&country=NL
2024-08-09 10:58:12,509 - ERROR - HTTP error ao processar a categoria Films en tv: 429 Client Error: Too Many Requests for url: https://real-time-amazon-data.p.rapidapi.com/best-sellers?category=dvd&type=BEST_SELLERS&page=1&country=NL
2024-08-09 10:58:12,545 - ERROR - HTTP error ao processar a categoria Gezondheid en persoonlijke verzorging: 429 Client Error: Too Many Requests for url: https://real-time-amazon-data.p.rapidapi.com/best-sellers?category=hpc&type=BEST_SELLERS&page=1&country=NL
2024-08-09 10:58:12,586 - ERROR - HTTP error ao processar a categoria Huisdierbenodigdheden: 429 Client Error: Too Many Requests for url: https://real-time-amazon-data.p.rapidapi.com/best-sellers?category=pets&type=BEST_SELLERS&page=1&country=NL
2024-08-09 10:58:12,641 - ERROR - HTTP error ao processar a categoria Kantoorproducten: 429 Client Error: Too Many Requests for url: https://real-time-amazon-data.p.rapidapi.com/best-sellers?category=office-products&type=BEST_SELLERS&page=1&country=NL
2024-08-09 10:58:12,697 - ERROR - HTTP error ao processar a categoria Kindle Store: 429 Client Error: Too Many Requests for url: https://real-time-amazon-data.p.rapidapi.com/best-sellers?category=digital-text&type=BEST_SELLERS&page=1&country=NL
2024-08-09 10:58:12,740 - ERROR - HTTP error ao processar a categoria Kleding, schoenen en sieraden: 429 Client Error: Too Many Requests for url: https://real-time-amazon-data.p.rapidapi.com/best-sellers?category=fashion&type=BEST_SELLERS&page=1&country=NL
2024-08-09 10:58:12,774 - ERROR - HTTP error ao processar a categoria Klussen en gereedschap: 429 Client Error: Too Many Requests for url: https://real-time-amazon-data.p.rapidapi.com/best-sellers?category=home-improvement&type=BEST_SELLERS&page=1&country=NL
2024-08-09 10:58:12,819 - ERROR - HTTP error ao processar a categoria Levensmiddelen: 429 Client Error: Too Many Requests for url: https://real-time-amazon-data.p.rapidapi.com/best-sellers?category=grocery&type=BEST_SELLERS&page=1&country=NL
2024-08-09 10:58:12,861 - ERROR - HTTP error ao processar a categoria Muziekinstrumenten: 429 Client Error: Too Many Requests for url: https://real-time-amazon-data.p.rapidapi.com/best-sellers?category=mi&type=BEST_SELLERS&page=1&country=NL
2024-08-09 10:58:12,906 - ERROR - HTTP error ao processar a categoria Overig: 429 Client Error: Too Many Requests for url: https://real-time-amazon-data.p.rapidapi.com/best-sellers?category=misc&type=BEST_SELLERS&page=1&country=NL
2024-08-09 10:58:12,965 - ERROR - HTTP error ao processar a categoria Prime Video: 429 Client Error: Too Many Requests for url: https://real-time-amazon-data.p.rapidapi.com/best-sellers?category=instant-video&type=BEST_SELLERS&page=1&country=NL
2024-08-09 10:58:13,009 - ERROR - HTTP error ao processar a categoria Software: 429 Client Error: Too Many Requests for url: https://real-time-amazon-data.p.rapidapi.com/best-sellers?category=software&type=BEST_SELLERS&page=1&country=NL
2024-08-09 10:58:13,048 - ERROR - HTTP error ao processar a categoria Speelgoed en spellen: 429 Client Error: Too Many Requests for url: https://real-time-amazon-data.p.rapidapi.com/best-sellers?category=toys&type=BEST_SELLERS&page=1&country=NL
2024-08-09 10:58:13,091 - ERROR - HTTP error ao processar a categoria Sport en outdoor: 429 Client Error: Too Many Requests for url: https://real-time-amazon-data.p.rapidapi.com/best-sellers?category=sports&type=BEST_SELLERS&page=1&country=NL
2024-08-09 10:58:13,129 - ERROR - HTTP error ao processar a categoria Tuin, terras en gazon: 429 Client Error: Too Many Requests for url: https://real-time-amazon-data.p.rapidapi.com/best-sellers?category=outdoor&type=BEST_SELLERS&page=1&country=NL
2024-08-09 10:58:13,159 - ERROR - HTTP error ao processar a categoria Videogames: 429 Client Error: Too Many Requests for url: https://real-time-amazon-data.p.rapidapi.com/best-sellers?category=videogames&type=BEST_SELLERS&page=1&country=NL
2024-08-09 10:58:13,200 - ERROR - HTTP error ao processar a categoria Wonen en keuken: 429 Client Error: Too Many Requests for url: https://real-time-amazon-data.p.rapidapi.com/best-sellers?category=home&type=BEST_SELLERS&page=1&country=NL
2024-08-09 10:58:13,247 - ERROR - HTTP error ao processar a categoria Zakelijk, industrie en wetenschap: 429 Client Error: Too Many Requests for url: https://real-time-amazon-data.p.rapidapi.com/best-sellers?category=industrial&type=BEST_SELLERS&page=1&country=NL
2024-08-09 10:58:13,248 - WARNING - Nenhum dado foi processado para salvar no arquivo final.
